<?xml version="1.0" encoding="UTF-8"?>
<testsuite xmlns:xsi="http://www.w3.org/2001/XMLSchema-instance" xsi:noNamespaceSchemaLocation="https://maven.apache.org/surefire/maven-surefire-plugin/xsd/surefire-test-report.xsd" name="io.swagger.test.TestAuthorsApiController" time="4.93" tests="5" errors="0" skipped="0" failures="0">
  <properties>
[...]
</properties>
  <testcase name="getAuthorById" classname="io.swagger.test.TestAuthorsApiController" time="0.597"/>
  <testcase name="modifyAuthor" classname="io.swagger.test.TestAuthorsApiController" time="0.057"/>
  <testcase name="getAllAuthors" classname="io.swagger.test.TestAuthorsApiController" time="0.032"/>
  <testcase name="createAuthor" classname="io.swagger.test.TestAuthorsApiController" time="0.015"/>
  <testcase name="addBookToAuthor" classname="io.swagger.test.TestAuthorsApiController" time="0.038"/>
</testsuite>